Using pre-set license
Built from '2021.3/staging' branch; Version is '2021.3.9f1 (ad3870b89536) revision 11352176'; Using compiler version '192829333'; Build Type 'Release'
OS: 'Windows 10  (10.0.19043) 64bit Professional' Language: 'en' Physical Memory: 16309 MB
BatchMode: 1, IsHumanControllingUs: 0, StartBugReporterOnCrash: 0, Is64bit: 1, IsPro: 1

COMMAND LINE ARGUMENTS:
D:\UNITY\2021.3.9f1\Editor\Unity.exe
-adb2
-batchMode
-noUpm
-name
AssetImportWorker4
-projectPath
D:/UNITY/Projects/Assignment
-logFile
Logs/AssetImportWorker4.log
-srvPort
53049
Successfully changed project path to: D:/UNITY/Projects/Assignment
D:/UNITY/Projects/Assignment
[UnityMemory] Configuration Parameters - Can be set up in boot.config
    "memorysetup-bucket-allocator-granularity=16"
    "memorysetup-bucket-allocator-bucket-count=8"
    "memorysetup-bucket-allocator-block-size=33554432"
    "memorysetup-bucket-allocator-block-count=8"
    "memorysetup-main-allocator-block-size=16777216"
    "memorysetup-thread-allocator-block-size=16777216"
    "memorysetup-gfx-main-allocator-block-size=16777216"
    "memorysetup-gfx-thread-allocator-block-size=16777216"
    "memorysetup-cache-allocator-block-size=4194304"
    "memorysetup-typetree-allocator-block-size=2097152"
    "memorysetup-profiler-bucket-allocator-granularity=16"
    "memorysetup-profiler-bucket-allocator-bucket-count=8"
    "memorysetup-profiler-bucket-allocator-block-size=33554432"
    "memorysetup-profiler-bucket-allocator-block-count=8"
    "memorysetup-profiler-allocator-block-size=16777216"
    "memorysetup-profiler-editor-allocator-block-size=1048576"
    "memorysetup-temp-allocator-size-main=16777216"
    "memorysetup-job-temp-allocator-block-size=2097152"
    "memorysetup-job-temp-allocator-block-size-background=1048576"
    "memorysetup-job-temp-allocator-reduction-small-platforms=262144"
    "memorysetup-temp-allocator-size-background-worker=32768"
    "memorysetup-temp-allocator-size-job-worker=262144"
    "memorysetup-temp-allocator-size-preload-manager=33554432"
    "memorysetup-temp-allocator-size-nav-mesh-worker=65536"
    "memorysetup-temp-allocator-size-audio-worker=65536"
    "memorysetup-temp-allocator-size-cloud-worker=32768"
    "memorysetup-temp-allocator-size-gi-baking-worker=262144"
    "memorysetup-temp-allocator-size-gfx=262144"
Refreshing native plugins compatible for Editor in 81.87 ms, found 3 plugins.
Preloading 0 native plugins for Editor in 0.00 ms.
Initialize engine version: 2021.3.9f1 (ad3870b89536)
[Subsystems] Discovering subsystems at path D:/UNITY/2021.3.9f1/Editor/Data/Resources/UnitySubsystems
[Subsystems] Discovering subsystems at path D:/UNITY/Projects/Assignment/Assets
GfxDevice: creating device client; threaded=0; jobified=0
Direct3D:
    Version:  Direct3D 11.0 [level 11.1]
    Renderer: NVIDIA GeForce RTX 3070 (ID=0x2484)
    Vendor:   NVIDIA
    VRAM:     8043 MB
    Driver:   30.0.15.1215
Initialize mono
Mono path[0] = 'D:/UNITY/2021.3.9f1/Editor/Data/Managed'
Mono path[1] = 'D:/UNITY/2021.3.9f1/Editor/Data/MonoBleedingEdge/lib/mono/unityjit-win32'
Mono config path = 'D:/UNITY/2021.3.9f1/Editor/Data/MonoBleedingEdge/etc'
Using monoOptions --debugger-agent=transport=dt_socket,embedding=1,server=y,suspend=n,address=127.0.0.1:56384
Begin MonoManager ReloadAssembly
Registering precompiled unity dll's ...
Register platform support module: D:/UNITY/2021.3.9f1/Editor/Data/PlaybackEngines/WindowsStandaloneSupport/UnityEditor.WindowsStandalone.Extensions.dll
Registered in 0.001820 seconds.
Native extension for WindowsStandalone target not found
Refreshing native plugins compatible for Editor in 65.19 ms, found 3 plugins.
Preloading 0 native plugins for Editor in 0.00 ms.
Mono: successfully reloaded assembly
- Completed reload, in  0.450 seconds
Domain Reload Profiling:
	ReloadAssembly (450ms)
		BeginReloadAssembly (53ms)
			ExecutionOrderSort (0ms)
			DisableScriptedObjects (0ms)
			BackupInstance (0ms)
			ReleaseScriptingObjects (0ms)
			CreateAndSetChildDomain (1ms)
		EndReloadAssembly (326ms)
			LoadAssemblies (53ms)
			RebuildTransferFunctionScriptingTraits (0ms)
			SetupTypeCache (67ms)
			ReleaseScriptCaches (0ms)
			RebuildScriptCaches (18ms)
			SetupLoadedEditorAssemblies (205ms)
				LogAssemblyErrors (0ms)
				InitializePlatformSupportModulesInManaged (5ms)
				SetLoadedEditorAssemblies (0ms)
				RefreshPlugins (65ms)
				BeforeProcessingInitializeOnLoad (1ms)
				ProcessInitializeOnLoadAttributes (102ms)
				ProcessInitializeOnLoadMethodAttributes (32ms)
				AfterProcessingInitializeOnLoad (0ms)
				EditorAssembliesLoaded (0ms)
			ExecutionOrderSort2 (0ms)
			AwakeInstancesAfterBackupRestoration (0ms)
Platform modules already initialized, skipping
Registering precompiled user dll's ...
Registered in 0.003193 seconds.
Begin MonoManager ReloadAssembly
Symbol file LoadedFromMemory doesn't match image D:\UNITY\Projects\Assignment\Library\PackageCache\com.unity.visualscripting@1.7.8\Editor\VisualScripting.Core\Dependencies\YamlDotNet\Unity.VisualScripting.YamlDotNet.dll
Symbol file LoadedFromMemory doesn't match image D:\UNITY\Projects\Assignment\Library\PackageCache\com.unity.visualscripting@1.7.8\Editor\VisualScripting.Core\Dependencies\DotNetZip\Unity.VisualScripting.IonicZip.dll
Native extension for WindowsStandalone target not found
Refreshing native plugins compatible for Editor in 0.63 ms, found 3 plugins.
Preloading 0 native plugins for Editor in 0.00 ms.
Mono: successfully reloaded assembly
- Completed reload, in  0.696 seconds
Domain Reload Profiling:
	ReloadAssembly (697ms)
		BeginReloadAssembly (78ms)
			ExecutionOrderSort (0ms)
			DisableScriptedObjects (4ms)
			BackupInstance (0ms)
			ReleaseScriptingObjects (0ms)
			CreateAndSetChildDomain (15ms)
		EndReloadAssembly (541ms)
			LoadAssemblies (56ms)
			RebuildTransferFunctionScriptingTraits (0ms)
			SetupTypeCache (170ms)
			ReleaseScriptCaches (1ms)
			RebuildScriptCaches (33ms)
			SetupLoadedEditorAssemblies (257ms)
				LogAssemblyErrors (0ms)
				InitializePlatformSupportModulesInManaged (3ms)
				SetLoadedEditorAssemblies (0ms)
				RefreshPlugins (1ms)
				BeforeProcessingInitializeOnLoad (58ms)
				ProcessInitializeOnLoadAttributes (171ms)
				ProcessInitializeOnLoadMethodAttributes (21ms)
				AfterProcessingInitializeOnLoad (2ms)
				EditorAssembliesLoaded (0ms)
			ExecutionOrderSort2 (0ms)
			AwakeInstancesAfterBackupRestoration (4ms)
Platform modules already initialized, skipping
========================================================================
Worker process is ready to serve import requests
Launched and connected shader compiler UnityShaderCompiler.exe after 0.04 seconds
Refreshing native plugins compatible for Editor in 1.15 ms, found 3 plugins.
Preloading 0 native plugins for Editor in 0.00 ms.
Unloading 3389 Unused Serialized files (Serialized files now loaded: 0)
Unloading 27 unused Assets / (111.3 KB). Loaded Objects now: 3848.
Memory consumption went from 118.9 MB to 118.7 MB.
Total: 2.660400 ms (FindLiveObjects: 0.225100 ms CreateObjectMapping: 0.089100 ms MarkObjects: 2.253400 ms  DeleteObjects: 0.091800 ms)

AssetImportParameters requested are different than current active one (requested -> active):
  custom:video-decoder-ogg-theora: a1e56fd34408186e4bbccfd4996cb3dc -> 
  custom:container-muxer-webm: aa71ff27fc2769a1b78a27578f13a17b -> 
  custom:container-demuxer-webm: 4f35f7cbe854078d1ac9338744f61a02 -> 
  custom:video-encoder-webm-vp8: eb34c28f22e8b96e1ab97ce403110664 -> 
  custom:audio-encoder-webm-vorbis: bf7c407c2cedff20999df2af8eb42d56 -> 
  custom:framework-win-MediaFoundation: 216162199b28c13a410421893ffa2e32 -> 
  custom:container-demuxer-ogg: 62fdf1f143b41e24485cea50d1cbac27 -> 
  custom:video-decoder-webm-vp8: 9c59270c3fd7afecdb556c50c9e8de78 -> 
  custom:audio-decoder-ogg-vorbis: bf7c407c2cedff20999df2af8eb42d56 -> 
========================================================================
Received Import Request.
  Time since last request: 74136.614786 seconds.
  path: Assets/PolygonWestern/Prefabs/Vehicles
  artifactKey: Guid(1e28a5463ae41e448b5b78f8ddd2dc1d) Importer(815301076,1909f56bfc062723c751e8b465ee728b)
Start importing Assets/PolygonWestern/Prefabs/Vehicles using Guid(1e28a5463ae41e448b5b78f8ddd2dc1d) Importer(815301076,1909f56bfc062723c751e8b465ee728b)  -> (artifact id: 'f67b754f3547b65870d452b0078fe91e') in 0.009588 seconds 
========================================================================
Received Import Request.
  Time since last request: 0.469576 seconds.
  path: Assets/PolygonWestern/Prefabs/Props
  artifactKey: Guid(b16ac747af23ffa4e830fe080acef749) Importer(815301076,1909f56bfc062723c751e8b465ee728b)
Start importing Assets/PolygonWestern/Prefabs/Props using Guid(b16ac747af23ffa4e830fe080acef749) Importer(815301076,1909f56bfc062723c751e8b465ee728b)  -> (artifact id: '8921d7f1da1d3c751f8360521819aebd') in 0.005058 seconds 
========================================================================
Received Import Request.
  Time since last request: 0.883879 seconds.
  path: Assets/PolygonWestern/Prefabs/Props/SM_Prop_BarberPost_01.prefab
  artifactKey: Guid(034756450db373b42b66575487b60fbc) Importer(815301076,1909f56bfc062723c751e8b465ee728b)
Start importing Assets/PolygonWestern/Prefabs/Props/SM_Prop_BarberPost_01.prefab using Guid(034756450db373b42b66575487b60fbc) Importer(815301076,1909f56bfc062723c751e8b465ee728b)  -> (artifact id: 'ad4094833768e895eedae7329429dd31') in 0.123832 seconds 
========================================================================
Received Import Request.
  Time since last request: 0.000022 seconds.
  path: Assets/PolygonWestern/Prefabs/Props/SM_Prop_Bottle_Broken_02.prefab
  artifactKey: Guid(f0cd9679d428c3b4c86caa1a7388c17c) Importer(815301076,1909f56bfc062723c751e8b465ee728b)
Start importing Assets/PolygonWestern/Prefabs/Props/SM_Prop_Bottle_Broken_02.prefab using Guid(f0cd9679d428c3b4c86caa1a7388c17c) Importer(815301076,1909f56bfc062723c751e8b465ee728b)  -> (artifact id: 'd65dc0b1e2b7260f366ad5982cae5132') in 0.015134 seconds 
========================================================================
Received Import Request.
  Time since last request: 0.000022 seconds.
  path: Assets/PolygonWestern/Prefabs/Props/SM_Prop_Bone_Cracked_02.prefab
  artifactKey: Guid(2d7805e20e1611f478be32b738531fe7) Importer(815301076,1909f56bfc062723c751e8b465ee728b)
Start importing Assets/PolygonWestern/Prefabs/Props/SM_Prop_Bone_Cracked_02.prefab using Guid(2d7805e20e1611f478be32b738531fe7) Importer(815301076,1909f56bfc062723c751e8b465ee728b)  -> (artifact id: '4524bd6f83ef82cd78f45b61b03f8210') in 0.011877 seconds 
========================================================================
Received Import Request.
  Time since last request: 0.000041 seconds.
  path: Assets/PolygonWestern/Prefabs/Props/SM_Prop_Barrel_Broken_01.prefab
  artifactKey: Guid(6c46190a04ac36045bab57473e2bb033) Importer(815301076,1909f56bfc062723c751e8b465ee728b)
Start importing Assets/PolygonWestern/Prefabs/Props/SM_Prop_Barrel_Broken_01.prefab using Guid(6c46190a04ac36045bab57473e2bb033) Importer(815301076,1909f56bfc062723c751e8b465ee728b)  -> (artifact id: '7b76f3fdb0a82fc83ff5ecaf60abd2cd') in 0.013415 seconds 
========================================================================
Received Import Request.
  Time since last request: 0.000018 seconds.
  path: Assets/PolygonWestern/Prefabs/Props/SM_Prop_Bottle_06.prefab
  artifactKey: Guid(1752bd8d3db82e84596a6ffe10fe4b66) Importer(815301076,1909f56bfc062723c751e8b465ee728b)
Start importing Assets/PolygonWestern/Prefabs/Props/SM_Prop_Bottle_06.prefab using Guid(1752bd8d3db82e84596a6ffe10fe4b66) Importer(815301076,1909f56bfc062723c751e8b465ee728b)  -> (artifact id: 'de7793d24b8b59061c2b975761b67004') in 0.011939 seconds 
========================================================================
Received Import Request.
  Time since last request: 0.000016 seconds.
  path: Assets/PolygonWestern/Prefabs/Props/SM_Prop_Building_Smokestack_01.prefab
  artifactKey: Guid(5806c697d916571498bbd20131e6433a) Importer(815301076,1909f56bfc062723c751e8b465ee728b)
Start importing Assets/PolygonWestern/Prefabs/Props/SM_Prop_Building_Smokestack_01.prefab using Guid(5806c697d916571498bbd20131e6433a) Importer(815301076,1909f56bfc062723c751e8b465ee728b)  -> (artifact id: 'e20d998281dc0c4e2d48e97b334a89a9') in 0.012724 seconds 
========================================================================
Received Import Request.
  Time since last request: 0.000018 seconds.
  path: Assets/PolygonWestern/Prefabs/Props/SM_Prop_Bottle_05.prefab
  artifactKey: Guid(902302a87aac4484aa2ffbdb0a2fe6c3) Importer(815301076,1909f56bfc062723c751e8b465ee728b)
Start importing Assets/PolygonWestern/Prefabs/Props/SM_Prop_Bottle_05.prefab using Guid(902302a87aac4484aa2ffbdb0a2fe6c3) Importer(815301076,1909f56bfc062723c751e8b465ee728b)  -> (artifact id: 'fc5d9176ef90479af53708cce9569571') in 0.012139 seconds 
========================================================================
Received Import Request.
  Time since last request: 0.000014 seconds.
  path: Assets/PolygonWestern/Prefabs/Props/SM_Prop_Barrel_Broken_03.prefab
  artifactKey: Guid(4536ad16b3820f44f8d0bc060bda8029) Importer(815301076,1909f56bfc062723c751e8b465ee728b)
Start importing Assets/PolygonWestern/Prefabs/Props/SM_Prop_Barrel_Broken_03.prefab using Guid(4536ad16b3820f44f8d0bc060bda8029) Importer(815301076,1909f56bfc062723c751e8b465ee728b)  -> (artifact id: 'd817af51fbc901b23074f86c18bc2ce6') in 0.013244 seconds 
========================================================================
Received Import Request.
  Time since last request: 0.000016 seconds.
  path: Assets/PolygonWestern/Prefabs/Props/SM_Prop_Candle_01.prefab
  artifactKey: Guid(d76ed845dcade7a4fb57b74ecf0e0854) Importer(815301076,1909f56bfc062723c751e8b465ee728b)
Start importing Assets/PolygonWestern/Prefabs/Props/SM_Prop_Candle_01.prefab using Guid(d76ed845dcade7a4fb57b74ecf0e0854) Importer(815301076,1909f56bfc062723c751e8b465ee728b)  -> (artifact id: '59b693db05f734fcf46f6c67dbed17d2') in 0.013781 seconds 
========================================================================
Received Import Request.
  Time since last request: 0.000016 seconds.
  path: Assets/PolygonWestern/Prefabs/Props/SM_Prop_Bottle_01.prefab
  artifactKey: Guid(efd58ab25710d5d4b9c4c14f897337de) Importer(815301076,1909f56bfc062723c751e8b465ee728b)
Start importing Assets/PolygonWestern/Prefabs/Props/SM_Prop_Bottle_01.prefab using Guid(efd58ab25710d5d4b9c4c14f897337de) Importer(815301076,1909f56bfc062723c751e8b465ee728b)  -> (artifact id: 'ac29b73738bff93fc69bd0cbfbb29682') in 0.011648 seconds 
========================================================================
Received Import Request.
  Time since last request: 0.000016 seconds.
  path: Assets/PolygonWestern/Prefabs/Props/SM_Prop_Bone_Cracked_01.prefab
  artifactKey: Guid(40c5cb02d6e246e4e96cbf1613255988) Importer(815301076,1909f56bfc062723c751e8b465ee728b)
Start importing Assets/PolygonWestern/Prefabs/Props/SM_Prop_Bone_Cracked_01.prefab using Guid(40c5cb02d6e246e4e96cbf1613255988) Importer(815301076,1909f56bfc062723c751e8b465ee728b)  -> (artifact id: '904ee0c97338a62182ad0cb2a65ba270') in 0.015488 seconds 
========================================================================
Received Import Request.
  Time since last request: 0.000016 seconds.
  path: Assets/PolygonWestern/Prefabs/Props/SM_Prop_Cow_Skull_01.prefab
  artifactKey: Guid(01fc8a3d82cf1434d91799b1ef57df76) Importer(815301076,1909f56bfc062723c751e8b465ee728b)
Start importing Assets/PolygonWestern/Prefabs/Props/SM_Prop_Cow_Skull_01.prefab using Guid(01fc8a3d82cf1434d91799b1ef57df76) Importer(815301076,1909f56bfc062723c751e8b465ee728b)  -> (artifact id: '00fe574bbcba3fc4be0615b2ef089455') in 0.013179 seconds 
========================================================================
Received Import Request.
  Time since last request: 0.000016 seconds.
  path: Assets/PolygonWestern/Prefabs/Props/SM_Prop_Bush_01.prefab
  artifactKey: Guid(45474d70eaa8bda4e9db7db645bc8642) Importer(815301076,1909f56bfc062723c751e8b465ee728b)
Start importing Assets/PolygonWestern/Prefabs/Props/SM_Prop_Bush_01.prefab using Guid(45474d70eaa8bda4e9db7db645bc8642) Importer(815301076,1909f56bfc062723c751e8b465ee728b)  -> (artifact id: '2f938fd435a6b86cae124b424ce37400') in 0.013334 seconds 
========================================================================
Received Import Request.
  Time since last request: 0.000017 seconds.
  path: Assets/PolygonWestern/Prefabs/Props/SM_Prop_Bottle_Broken_03.prefab
  artifactKey: Guid(4cf69b23636f85b4e943f026d1a910aa) Importer(815301076,1909f56bfc062723c751e8b465ee728b)
Start importing Assets/PolygonWestern/Prefabs/Props/SM_Prop_Bottle_Broken_03.prefab using Guid(4cf69b23636f85b4e943f026d1a910aa) Importer(815301076,1909f56bfc062723c751e8b465ee728b)  -> (artifact id: '88f4103893a6cf329415514e6bd93a02') in 0.015527 seconds 
========================================================================
Received Import Request.
  Time since last request: 0.000018 seconds.
  path: Assets/PolygonWestern/Prefabs/Props/SM_Prop_Bottle_04.prefab
  artifactKey: Guid(1fd0ee1cec6d08941be2665d295b40aa) Importer(815301076,1909f56bfc062723c751e8b465ee728b)
Start importing Assets/PolygonWestern/Prefabs/Props/SM_Prop_Bottle_04.prefab using Guid(1fd0ee1cec6d08941be2665d295b40aa) Importer(815301076,1909f56bfc062723c751e8b465ee728b)  -> (artifact id: 'e5fa82bc7d6ed6cf71c2499f0c45631e') in 0.013156 seconds 
========================================================================
Received Import Request.
  Time since last request: 0.000020 seconds.
  path: Assets/PolygonWestern/Prefabs/Props/SM_Prop_Curtain_02.prefab
  artifactKey: Guid(e2c5c837b0d654841be2724400b8de36) Importer(815301076,1909f56bfc062723c751e8b465ee728b)
Start importing Assets/PolygonWestern/Prefabs/Props/SM_Prop_Curtain_02.prefab using Guid(e2c5c837b0d654841be2724400b8de36) Importer(815301076,1909f56bfc062723c751e8b465ee728b)  -> (artifact id: '0f343deda4e190895c2240f446821a4d') in 0.013359 seconds 
========================================================================
Received Import Request.
  Time since last request: 0.000017 seconds.
  path: Assets/PolygonWestern/Prefabs/Props/SM_Prop_Bottle_Candle_02.prefab
  artifactKey: Guid(c6ab61d40da1cf444b727292a6ed2553) Importer(815301076,1909f56bfc062723c751e8b465ee728b)
Start importing Assets/PolygonWestern/Prefabs/Props/SM_Prop_Bottle_Candle_02.prefab using Guid(c6ab61d40da1cf444b727292a6ed2553) Importer(815301076,1909f56bfc062723c751e8b465ee728b)  -> (artifact id: 'f9db6e7adcb0d8e31d93dfc97c2fb05a') in 0.014310 seconds 
========================================================================
Received Import Request.
  Time since last request: 0.000015 seconds.
  path: Assets/PolygonWestern/Prefabs/Props/SM_Prop_Basket_02.prefab
  artifactKey: Guid(bdeb838a363783a42a6989ddcc93ad42) Importer(815301076,1909f56bfc062723c751e8b465ee728b)
Start importing Assets/PolygonWestern/Prefabs/Props/SM_Prop_Basket_02.prefab using Guid(bdeb838a363783a42a6989ddcc93ad42) Importer(815301076,1909f56bfc062723c751e8b465ee728b)  -> (artifact id: 'cd25918788f3212a45f2c31dbe37722f') in 0.013986 seconds 
========================================================================
Received Import Request.
  Time since last request: 0.000018 seconds.
  path: Assets/PolygonWestern/Prefabs/Props/SM_Prop_Crate_01.prefab
  artifactKey: Guid(5278b16ea019ebd46828c7ff64b50651) Importer(815301076,1909f56bfc062723c751e8b465ee728b)
Start importing Assets/PolygonWestern/Prefabs/Props/SM_Prop_Crate_01.prefab using Guid(5278b16ea019ebd46828c7ff64b50651) Importer(815301076,1909f56bfc062723c751e8b465ee728b)  -> (artifact id: 'fb84a5c53050f5f53b882adee8109277') in 0.012304 seconds 
========================================================================
Received Import Request.
  Time since last request: 0.000021 seconds.
  path: Assets/PolygonWestern/Prefabs/Props/SM_Prop_Bottle_Broken_04.prefab
  artifactKey: Guid(7aa3b5b86753c6b41b8545e1743a3f13) Importer(815301076,1909f56bfc062723c751e8b465ee728b)
Start importing Assets/PolygonWestern/Prefabs/Props/SM_Prop_Bottle_Broken_04.prefab using Guid(7aa3b5b86753c6b41b8545e1743a3f13) Importer(815301076,1909f56bfc062723c751e8b465ee728b)  -> (artifact id: 'f48e2093193742f9a978551ada53bdd8') in 0.014533 seconds 
========================================================================
Received Import Request.
  Time since last request: 0.000017 seconds.
  path: Assets/PolygonWestern/Prefabs/Props/SM_Prop_Basket_04.prefab
  artifactKey: Guid(fdc33394ad17377469a33f067c8841f2) Importer(815301076,1909f56bfc062723c751e8b465ee728b)
Start importing Assets/PolygonWestern/Prefabs/Props/SM_Prop_Basket_04.prefab using Guid(fdc33394ad17377469a33f067c8841f2) Importer(815301076,1909f56bfc062723c751e8b465ee728b)  -> (artifact id: '694ca746026eceb7893d64ea02281a5a') in 0.012689 seconds 
========================================================================
Received Import Request.
  Time since last request: 0.000015 seconds.
  path: Assets/PolygonWestern/Prefabs/Props/SM_Prop_Barrel_02.prefab
  artifactKey: Guid(879a8d323fc98e145966106e9d2018a3) Importer(815301076,1909f56bfc062723c751e8b465ee728b)
Start importing Assets/PolygonWestern/Prefabs/Props/SM_Prop_Barrel_02.prefab using Guid(879a8d323fc98e145966106e9d2018a3) Importer(815301076,1909f56bfc062723c751e8b465ee728b)  -> (artifact id: 'f1a892dba5f19bda0f0a781c33035482') in 0.013572 seconds 
========================================================================
Received Import Request.
  Time since last request: 0.000015 seconds.
  path: Assets/PolygonWestern/Prefabs/Props/SM_Prop_Church_Cross_01.prefab
  artifactKey: Guid(65aed7f0fcb8a2449918e5ee20173857) Importer(815301076,1909f56bfc062723c751e8b465ee728b)
Start importing Assets/PolygonWestern/Prefabs/Props/SM_Prop_Church_Cross_01.prefab using Guid(65aed7f0fcb8a2449918e5ee20173857) Importer(815301076,1909f56bfc062723c751e8b465ee728b)  -> (artifact id: '99f7802d1db31c49e144a57841fd4a3e') in 0.012871 seconds 
========================================================================
Received Import Request.
  Time since last request: 0.000016 seconds.
  path: Assets/PolygonWestern/Prefabs/Props/SM_Prop_Basket_05.prefab
  artifactKey: Guid(fb98f7232220ac74eb5cae7d24bc7cfb) Importer(815301076,1909f56bfc062723c751e8b465ee728b)
Start importing Assets/PolygonWestern/Prefabs/Props/SM_Prop_Basket_05.prefab using Guid(fb98f7232220ac74eb5cae7d24bc7cfb) Importer(815301076,1909f56bfc062723c751e8b465ee728b)  -> (artifact id: '499bc61ce2e410a3d63826881e1ec6af') in 0.012563 seconds 
========================================================================
Received Import Request.
  Time since last request: 0.000013 seconds.
  path: Assets/PolygonWestern/Prefabs/Props/SM_Prop_DeckRail_01.prefab
  artifactKey: Guid(e67a719ed0182f045891ebd3434bdf69) Importer(815301076,1909f56bfc062723c751e8b465ee728b)
Start importing Assets/PolygonWestern/Prefabs/Props/SM_Prop_DeckRail_01.prefab using Guid(e67a719ed0182f045891ebd3434bdf69) Importer(815301076,1909f56bfc062723c751e8b465ee728b)  -> (artifact id: '8ebd4cf987dd6464b96228d2232c6a83') in 0.012978 seconds 
========================================================================
Received Import Request.
  Time since last request: 0.000015 seconds.
  path: Assets/PolygonWestern/Prefabs/Props/SM_Prop_Church_Door_01.prefab
  artifactKey: Guid(823285b78361c5a47bec7cca0be04d51) Importer(815301076,1909f56bfc062723c751e8b465ee728b)
Start importing Assets/PolygonWestern/Prefabs/Props/SM_Prop_Church_Door_01.prefab using Guid(823285b78361c5a47bec7cca0be04d51) Importer(815301076,1909f56bfc062723c751e8b465ee728b)  -> (artifact id: '20891a64e2d37aaa04e96f8ea3d74cb2') in 0.011083 seconds 
========================================================================
Received Import Request.
  Time since last request: 3.306009 seconds.
  path: Assets/PolygonWestern/Prefabs/Vehicles/SM_Veh_Cart_01.prefab
  artifactKey: Guid(512aea1db35b12e4a94ee346b4dcac96) Importer(815301076,1909f56bfc062723c751e8b465ee728b)
Start importing Assets/PolygonWestern/Prefabs/Vehicles/SM_Veh_Cart_01.prefab using Guid(512aea1db35b12e4a94ee346b4dcac96) Importer(815301076,1909f56bfc062723c751e8b465ee728b)  -> (artifact id: '8f90d723ba30058209b18a8d5632b818') in 0.013740 seconds 
========================================================================
Received Import Request.
  Time since last request: 0.000014 seconds.
  path: Assets/PolygonWestern/Prefabs/Vehicles/SM_Veh_Train_Freight_01.prefab
  artifactKey: Guid(0ac283a7cb4d865449b4c6d300dbb84e) Importer(815301076,1909f56bfc062723c751e8b465ee728b)
Start importing Assets/PolygonWestern/Prefabs/Vehicles/SM_Veh_Train_Freight_01.prefab using Guid(0ac283a7cb4d865449b4c6d300dbb84e) Importer(815301076,1909f56bfc062723c751e8b465ee728b)  -> (artifact id: '312482cce5d84627240859f25d78826a') in 0.015184 seconds 
========================================================================
Received Import Request.
  Time since last request: 39.514201 seconds.
  path: Assets/PolygonWestern/Prefabs/Weapons
  artifactKey: Guid(abdc815b382971b49b39ae51890b48c3) Importer(815301076,1909f56bfc062723c751e8b465ee728b)
Start importing Assets/PolygonWestern/Prefabs/Weapons using Guid(abdc815b382971b49b39ae51890b48c3) Importer(815301076,1909f56bfc062723c751e8b465ee728b)  -> (artifact id: '3360abc2e5ccb4b2c6152b15619f6351') in 0.003927 seconds 
========================================================================
Received Import Request.
  Time since last request: 5.568984 seconds.
  path: Assets/PolygonWestern/Prefabs/Props/SM_Prop_Dresser_01.prefab
  artifactKey: Guid(e3b38814850fafc449f6c532329aa9e8) Importer(815301076,1909f56bfc062723c751e8b465ee728b)
Start importing Assets/PolygonWestern/Prefabs/Props/SM_Prop_Dresser_01.prefab using Guid(e3b38814850fafc449f6c532329aa9e8) Importer(815301076,1909f56bfc062723c751e8b465ee728b)  -> (artifact id: 'c555ad5d114d79eea51933ee0906213d') in 0.019677 seconds 
========================================================================
Received Import Request.
  Time since last request: 0.000017 seconds.
  path: Assets/PolygonWestern/Prefabs/Props/SM_Prop_JailBed_01.prefab
  artifactKey: Guid(fdf5a07f6096b4b48932df51784ab3bd) Importer(815301076,1909f56bfc062723c751e8b465ee728b)
Start importing Assets/PolygonWestern/Prefabs/Props/SM_Prop_JailBed_01.prefab using Guid(fdf5a07f6096b4b48932df51784ab3bd) Importer(815301076,1909f56bfc062723c751e8b465ee728b)  -> (artifact id: 'c3c7e206c7e70783110150189a953105') in 0.083179 seconds 
========================================================================
Received Import Request.
  Time since last request: 0.000022 seconds.
  path: Assets/PolygonWestern/Prefabs/Props/SM_Prop_HitchingPost_01.prefab
  artifactKey: Guid(4cc83654552e4a44d8e806ac44a804b9) Importer(815301076,1909f56bfc062723c751e8b465ee728b)
Start importing Assets/PolygonWestern/Prefabs/Props/SM_Prop_HitchingPost_01.prefab using Guid(4cc83654552e4a44d8e806ac44a804b9) Importer(815301076,1909f56bfc062723c751e8b465ee728b)  -> (artifact id: '8dfb3c94197ef366cedf433400a324d2') in 0.019002 seconds 
========================================================================
Received Import Request.
  Time since last request: 0.000021 seconds.
  path: Assets/PolygonWestern/Prefabs/Props/SM_Prop_Fur_Roll_03.prefab
  artifactKey: Guid(e35b608308de57746b8a7cea43fc068a) Importer(815301076,1909f56bfc062723c751e8b465ee728b)
Start importing Assets/PolygonWestern/Prefabs/Props/SM_Prop_Fur_Roll_03.prefab using Guid(e35b608308de57746b8a7cea43fc068a) Importer(815301076,1909f56bfc062723c751e8b465ee728b)  -> (artifact id: '616c5010c80806911aa62242812809dd') in 0.058963 seconds 
========================================================================
Received Import Request.
  Time since last request: 0.850030 seconds.
  path: Assets/PolygonWestern/Prefabs/Props/SM_Prop_Lantern_01.prefab
  artifactKey: Guid(7903c040d24c6a645928229f51f50b22) Importer(815301076,1909f56bfc062723c751e8b465ee728b)
Start importing Assets/PolygonWestern/Prefabs/Props/SM_Prop_Lantern_01.prefab using Guid(7903c040d24c6a645928229f51f50b22) Importer(815301076,1909f56bfc062723c751e8b465ee728b)  -> (artifact id: '4281dc87c1153fa9630128b2d67f05aa') in 0.020144 seconds 
========================================================================
Received Import Request.
  Time since last request: 0.000015 seconds.
  path: Assets/PolygonWestern/Prefabs/Props/SM_Prop_Lantern_Lit_02.prefab
  artifactKey: Guid(79cb06eb2d3b7094a8726c78ff6ee177) Importer(815301076,1909f56bfc062723c751e8b465ee728b)
Start importing Assets/PolygonWestern/Prefabs/Props/SM_Prop_Lantern_Lit_02.prefab using Guid(79cb06eb2d3b7094a8726c78ff6ee177) Importer(815301076,1909f56bfc062723c751e8b465ee728b)  -> (artifact id: 'd7681dc78346449e1a1a3b902c8062b3') in 0.015816 seconds 
========================================================================
Received Import Request.
  Time since last request: 0.000015 seconds.
  path: Assets/PolygonWestern/Prefabs/Props/SM_Prop_Map_01.prefab
  artifactKey: Guid(49c094971c3d6474bb830fd2d38975b3) Importer(815301076,1909f56bfc062723c751e8b465ee728b)
Start importing Assets/PolygonWestern/Prefabs/Props/SM_Prop_Map_01.prefab using Guid(49c094971c3d6474bb830fd2d38975b3) Importer(815301076,1909f56bfc062723c751e8b465ee728b)  -> (artifact id: '6177607172c70caae531e4cabbc3f4ce') in 0.026408 seconds 
========================================================================
Received Import Request.
  Time since last request: 0.000013 seconds.
  path: Assets/PolygonWestern/Prefabs/Props/SM_Prop_Map_02.prefab
  artifactKey: Guid(cd4d804b4d75f7b41bb2e324760b8f23) Importer(815301076,1909f56bfc062723c751e8b465ee728b)
Start importing Assets/PolygonWestern/Prefabs/Props/SM_Prop_Map_02.prefab using Guid(cd4d804b4d75f7b41bb2e324760b8f23) Importer(815301076,1909f56bfc062723c751e8b465ee728b)  -> (artifact id: 'eb16882d9c735ec5e8954c7dc09d5a32') in 0.011968 seconds 
========================================================================
Received Import Request.
  Time since last request: 0.000015 seconds.
  path: Assets/PolygonWestern/Prefabs/Props/SM_Prop_Pot_01.prefab
  artifactKey: Guid(abea6edae4ac4414b8be048581e94faf) Importer(815301076,1909f56bfc062723c751e8b465ee728b)
Start importing Assets/PolygonWestern/Prefabs/Props/SM_Prop_Pot_01.prefab using Guid(abea6edae4ac4414b8be048581e94faf) Importer(815301076,1909f56bfc062723c751e8b465ee728b)  -> (artifact id: '1a728a6b45c044b270c789b02f3593cc') in 0.016327 seconds 
========================================================================
Received Import Request.
  Time since last request: 0.000016 seconds.
  path: Assets/PolygonWestern/Prefabs/Props/SM_Prop_RoadSign_01.prefab
  artifactKey: Guid(39752768db590ee4091a99714606bad3) Importer(815301076,1909f56bfc062723c751e8b465ee728b)
Start importing Assets/PolygonWestern/Prefabs/Props/SM_Prop_RoadSign_01.prefab using Guid(39752768db590ee4091a99714606bad3) Importer(815301076,1909f56bfc062723c751e8b465ee728b)  -> (artifact id: '0e20b216417c00717233d3fa9d07bfac') in 0.133641 seconds 
========================================================================
Received Import Request.
  Time since last request: 0.000025 seconds.
  path: Assets/PolygonWestern/Prefabs/Props/SM_Prop_MooseHead_01.prefab
  artifactKey: Guid(4eefa0418bd6ec742aa2a3c014d1b60f) Importer(815301076,1909f56bfc062723c751e8b465ee728b)
Start importing Assets/PolygonWestern/Prefabs/Props/SM_Prop_MooseHead_01.prefab using Guid(4eefa0418bd6ec742aa2a3c014d1b60f) Importer(815301076,1909f56bfc062723c751e8b465ee728b)  -> (artifact id: 'f77d2e1c75fe24e5363532e1c0fc4f31') in 0.043080 seconds 
========================================================================
Received Import Request.
  Time since last request: 0.000013 seconds.
  path: Assets/PolygonWestern/Prefabs/Props/SM_Prop_PokerTable_01.prefab
  artifactKey: Guid(0d728e5e944083c40b015cb1bb3dbd8a) Importer(815301076,1909f56bfc062723c751e8b465ee728b)
Start importing Assets/PolygonWestern/Prefabs/Props/SM_Prop_PokerTable_01.prefab using Guid(0d728e5e944083c40b015cb1bb3dbd8a) Importer(815301076,1909f56bfc062723c751e8b465ee728b)  -> (artifact id: '332dbf48f2017d20844b8203a30818b6') in 0.021172 seconds 
========================================================================
Received Import Request.
  Time since last request: 0.000018 seconds.
  path: Assets/PolygonWestern/Prefabs/Props/SM_Prop_Sack_01.prefab
  artifactKey: Guid(1a2959501c5209447801528087b46ffc) Importer(815301076,1909f56bfc062723c751e8b465ee728b)
Start importing Assets/PolygonWestern/Prefabs/Props/SM_Prop_Sack_01.prefab using Guid(1a2959501c5209447801528087b46ffc) Importer(815301076,1909f56bfc062723c751e8b465ee728b)  -> (artifact id: '3333fce302cde9ec1b01d95b89933e60') in 0.013737 seconds 
========================================================================
Received Import Request.
  Time since last request: 0.000017 seconds.
  path: Assets/PolygonWestern/Prefabs/Props/SM_Prop_Rope_Hanging_01.prefab
  artifactKey: Guid(db875b05089475e47b091a22485c648a) Importer(815301076,1909f56bfc062723c751e8b465ee728b)
Start importing Assets/PolygonWestern/Prefabs/Props/SM_Prop_Rope_Hanging_01.prefab using Guid(db875b05089475e47b091a22485c648a) Importer(815301076,1909f56bfc062723c751e8b465ee728b)  -> (artifact id: '33f7427ca7c6b9aa333977a486b364e0') in 0.013451 seconds 
========================================================================
Received Import Request.
  Time since last request: 0.127238 seconds.
  path: Assets/PolygonWestern/Prefabs/Props/SM_Prop_Saloon_Swinging_Doors_01.prefab
  artifactKey: Guid(eeae15084067db443bde9d74d1009041) Importer(815301076,1909f56bfc062723c751e8b465ee728b)
Start importing Assets/PolygonWestern/Prefabs/Props/SM_Prop_Saloon_Swinging_Doors_01.prefab using Guid(eeae15084067db443bde9d74d1009041) Importer(815301076,1909f56bfc062723c751e8b465ee728b)  -> (artifact id: 'c434bac045214a91dad6c88f43861f47') in 0.012904 seconds 
========================================================================
Received Import Request.
  Time since last request: 0.000016 seconds.
  path: Assets/PolygonWestern/Prefabs/Props/SM_Prop_Suitcase_01.prefab
  artifactKey: Guid(02c3b7988f756aa4990d3c18a4ac7a5f) Importer(815301076,1909f56bfc062723c751e8b465ee728b)
Start importing Assets/PolygonWestern/Prefabs/Props/SM_Prop_Suitcase_01.prefab using Guid(02c3b7988f756aa4990d3c18a4ac7a5f) Importer(815301076,1909f56bfc062723c751e8b465ee728b)  -> (artifact id: '210ac0376974a0a38ec9e2412c0b959f') in 0.014097 seconds 
========================================================================
Received Import Request.
  Time since last request: 0.000016 seconds.
  path: Assets/PolygonWestern/Prefabs/Props/SM_Prop_Tin_02.prefab
  artifactKey: Guid(e693c2e62c3d9a44d8cbe443200933c2) Importer(815301076,1909f56bfc062723c751e8b465ee728b)
Start importing Assets/PolygonWestern/Prefabs/Props/SM_Prop_Tin_02.prefab using Guid(e693c2e62c3d9a44d8cbe443200933c2) Importer(815301076,1909f56bfc062723c751e8b465ee728b)  -> (artifact id: '2be971f4079626cf04599a399c7044d2') in 0.015692 seconds 
========================================================================
Received Import Request.
  Time since last request: 0.000014 seconds.
  path: Assets/PolygonWestern/Prefabs/Props/SM_Prop_Table_01.prefab
  artifactKey: Guid(5bb99abb3daa7464c927a45b54008d91) Importer(815301076,1909f56bfc062723c751e8b465ee728b)
Start importing Assets/PolygonWestern/Prefabs/Props/SM_Prop_Table_01.prefab using Guid(5bb99abb3daa7464c927a45b54008d91) Importer(815301076,1909f56bfc062723c751e8b465ee728b)  -> (artifact id: '4983177e1ae1d2abdb6f5d5e91a3c3fe') in 0.014293 seconds 
========================================================================
Received Import Request.
  Time since last request: 0.000015 seconds.
  path: Assets/PolygonWestern/Prefabs/Props/SM_Prop_Table_Vegetables_01.prefab
  artifactKey: Guid(18a69d06b26b20840b41025ac29bd0d5) Importer(815301076,1909f56bfc062723c751e8b465ee728b)
Start importing Assets/PolygonWestern/Prefabs/Props/SM_Prop_Table_Vegetables_01.prefab using Guid(18a69d06b26b20840b41025ac29bd0d5) Importer(815301076,1909f56bfc062723c751e8b465ee728b)  -> (artifact id: '26e3da99836336d19454ee25ae93b802') in 0.013689 seconds 
========================================================================
Received Import Request.
  Time since last request: 0.337929 seconds.
  path: Assets/PolygonWestern/Prefabs/Props/SM_Prop_Tin_03.prefab
  artifactKey: Guid(7e070f3da6a37244f9646a2cd9460356) Importer(815301076,1909f56bfc062723c751e8b465ee728b)
Start importing Assets/PolygonWestern/Prefabs/Props/SM_Prop_Tin_03.prefab using Guid(7e070f3da6a37244f9646a2cd9460356) Importer(815301076,1909f56bfc062723c751e8b465ee728b)  -> (artifact id: '36735b129691d2a4fba86eb82a06fb05') in 0.013582 seconds 
========================================================================
Received Import Request.
  Time since last request: 0.000017 seconds.
  path: Assets/PolygonWestern/Prefabs/Props/SM_Prop_Wood_Pile_04.prefab
  artifactKey: Guid(a8fcca8e1c7993748b5af979b9853c71) Importer(815301076,1909f56bfc062723c751e8b465ee728b)
Start importing Assets/PolygonWestern/Prefabs/Props/SM_Prop_Wood_Pile_04.prefab using Guid(a8fcca8e1c7993748b5af979b9853c71) Importer(815301076,1909f56bfc062723c751e8b465ee728b)  -> (artifact id: 'adbbdd98258cfc71f07d2bda7e867896') in 0.015194 seconds 
========================================================================
Received Import Request.
  Time since last request: 0.000022 seconds.
  path: Assets/PolygonWestern/Prefabs/Props/SM_Prop_Vault_01.prefab
  artifactKey: Guid(feeb4ccf84d811a42afeb832b1cd8ebf) Importer(815301076,1909f56bfc062723c751e8b465ee728b)
Start importing Assets/PolygonWestern/Prefabs/Props/SM_Prop_Vault_01.prefab using Guid(feeb4ccf84d811a42afeb832b1cd8ebf) Importer(815301076,1909f56bfc062723c751e8b465ee728b)  -> (artifact id: '82e31933f4456f6b697256e9622eb42f') in 0.014327 seconds 
========================================================================
Received Import Request.
  Time since last request: 0.000014 seconds.
  path: Assets/PolygonWestern/Prefabs/Props/SM_Prop_Vegetables_Box_05.prefab
  artifactKey: Guid(6559126e9c113914ea172c41cfdb4f8d) Importer(815301076,1909f56bfc062723c751e8b465ee728b)
Start importing Assets/PolygonWestern/Prefabs/Props/SM_Prop_Vegetables_Box_05.prefab using Guid(6559126e9c113914ea172c41cfdb4f8d) Importer(815301076,1909f56bfc062723c751e8b465ee728b)  -> (artifact id: 'b24f803e64026910f96a043eb60cec5b') in 0.012469 seconds 
========================================================================
Received Import Request.
  Time since last request: 0.000015 seconds.
  path: Assets/PolygonWestern/Prefabs/Props/SM_Prop_Vegetables_Box_01.prefab
  artifactKey: Guid(1ccfb12c2d150c44ca82e08ef622cd75) Importer(815301076,1909f56bfc062723c751e8b465ee728b)
Start importing Assets/PolygonWestern/Prefabs/Props/SM_Prop_Vegetables_Box_01.prefab using Guid(1ccfb12c2d150c44ca82e08ef622cd75) Importer(815301076,1909f56bfc062723c751e8b465ee728b)  -> (artifact id: '4df86fc245ca23ad442ead7bfa0e799b') in 0.014741 seconds 
Editor requested this worker to shutdown with reason: Scaling down because of idle timeout
AssetImportWorker is now disconnected from the server
Process exiting
Exiting without the bug reporter. Application will terminate with return code 0