Using pre-set license
Built from '2021.3/staging' branch; Version is '2021.3.9f1 (ad3870b89536) revision 11352176'; Using compiler version '192829333'; Build Type 'Release'
OS: 'Windows 10  (10.0.19043) 64bit Professional' Language: 'en' Physical Memory: 16309 MB
BatchMode: 1, IsHumanControllingUs: 0, StartBugReporterOnCrash: 0, Is64bit: 1, IsPro: 1

COMMAND LINE ARGUMENTS:
D:\UNITY\2021.3.9f1\Editor\Unity.exe
-adb2
-batchMode
-noUpm
-name
AssetImportWorker5
-projectPath
D:/UNITY/Projects/Assignment
-logFile
Logs/AssetImportWorker5.log
-srvPort
53049
Successfully changed project path to: D:/UNITY/Projects/Assignment
D:/UNITY/Projects/Assignment
[UnityMemory] Configuration Parameters - Can be set up in boot.config
    "memorysetup-bucket-allocator-granularity=16"
    "memorysetup-bucket-allocator-bucket-count=8"
    "memorysetup-bucket-allocator-block-size=33554432"
    "memorysetup-bucket-allocator-block-count=8"
    "memorysetup-main-allocator-block-size=16777216"
    "memorysetup-thread-allocator-block-size=16777216"
    "memorysetup-gfx-main-allocator-block-size=16777216"
    "memorysetup-gfx-thread-allocator-block-size=16777216"
    "memorysetup-cache-allocator-block-size=4194304"
    "memorysetup-typetree-allocator-block-size=2097152"
    "memorysetup-profiler-bucket-allocator-granularity=16"
    "memorysetup-profiler-bucket-allocator-bucket-count=8"
    "memorysetup-profiler-bucket-allocator-block-size=33554432"
    "memorysetup-profiler-bucket-allocator-block-count=8"
    "memorysetup-profiler-allocator-block-size=16777216"
    "memorysetup-profiler-editor-allocator-block-size=1048576"
    "memorysetup-temp-allocator-size-main=16777216"
    "memorysetup-job-temp-allocator-block-size=2097152"
    "memorysetup-job-temp-allocator-block-size-background=1048576"
    "memorysetup-job-temp-allocator-reduction-small-platforms=262144"
    "memorysetup-temp-allocator-size-background-worker=32768"
    "memorysetup-temp-allocator-size-job-worker=262144"
    "memorysetup-temp-allocator-size-preload-manager=33554432"
    "memorysetup-temp-allocator-size-nav-mesh-worker=65536"
    "memorysetup-temp-allocator-size-audio-worker=65536"
    "memorysetup-temp-allocator-size-cloud-worker=32768"
    "memorysetup-temp-allocator-size-gi-baking-worker=262144"
    "memorysetup-temp-allocator-size-gfx=262144"
Refreshing native plugins compatible for Editor in 86.29 ms, found 3 plugins.
Preloading 0 native plugins for Editor in 0.00 ms.
Initialize engine version: 2021.3.9f1 (ad3870b89536)
[Subsystems] Discovering subsystems at path D:/UNITY/2021.3.9f1/Editor/Data/Resources/UnitySubsystems
[Subsystems] Discovering subsystems at path D:/UNITY/Projects/Assignment/Assets
GfxDevice: creating device client; threaded=0; jobified=0
Direct3D:
    Version:  Direct3D 11.0 [level 11.1]
    Renderer: NVIDIA GeForce RTX 3070 (ID=0x2484)
    Vendor:   NVIDIA
    VRAM:     8043 MB
    Driver:   30.0.15.1215
Initialize mono
Mono path[0] = 'D:/UNITY/2021.3.9f1/Editor/Data/Managed'
Mono path[1] = 'D:/UNITY/2021.3.9f1/Editor/Data/MonoBleedingEdge/lib/mono/unityjit-win32'
Mono config path = 'D:/UNITY/2021.3.9f1/Editor/Data/MonoBleedingEdge/etc'
Using monoOptions --debugger-agent=transport=dt_socket,embedding=1,server=y,suspend=n,address=127.0.0.1:56828
Begin MonoManager ReloadAssembly
Registering precompiled unity dll's ...
Register platform support module: D:/UNITY/2021.3.9f1/Editor/Data/PlaybackEngines/WindowsStandaloneSupport/UnityEditor.WindowsStandalone.Extensions.dll
Registered in 0.001946 seconds.
Native extension for WindowsStandalone target not found
Refreshing native plugins compatible for Editor in 70.83 ms, found 3 plugins.
Preloading 0 native plugins for Editor in 0.00 ms.
Mono: successfully reloaded assembly
- Completed reload, in  0.482 seconds
Domain Reload Profiling:
	ReloadAssembly (482ms)
		BeginReloadAssembly (63ms)
			ExecutionOrderSort (0ms)
			DisableScriptedObjects (0ms)
			BackupInstance (0ms)
			ReleaseScriptingObjects (0ms)
			CreateAndSetChildDomain (1ms)
		EndReloadAssembly (332ms)
			LoadAssemblies (62ms)
			RebuildTransferFunctionScriptingTraits (0ms)
			SetupTypeCache (68ms)
			ReleaseScriptCaches (0ms)
			RebuildScriptCaches (18ms)
			SetupLoadedEditorAssemblies (211ms)
				LogAssemblyErrors (0ms)
				InitializePlatformSupportModulesInManaged (5ms)
				SetLoadedEditorAssemblies (0ms)
				RefreshPlugins (71ms)
				BeforeProcessingInitializeOnLoad (1ms)
				ProcessInitializeOnLoadAttributes (102ms)
				ProcessInitializeOnLoadMethodAttributes (32ms)
				AfterProcessingInitializeOnLoad (0ms)
				EditorAssembliesLoaded (0ms)
			ExecutionOrderSort2 (0ms)
			AwakeInstancesAfterBackupRestoration (0ms)
Platform modules already initialized, skipping
Registering precompiled user dll's ...
Registered in 0.003668 seconds.
Begin MonoManager ReloadAssembly
Symbol file LoadedFromMemory doesn't match image D:\UNITY\Projects\Assignment\Library\PackageCache\com.unity.visualscripting@1.7.8\Editor\VisualScripting.Core\Dependencies\YamlDotNet\Unity.VisualScripting.YamlDotNet.dll
Symbol file LoadedFromMemory doesn't match image D:\UNITY\Projects\Assignment\Library\PackageCache\com.unity.visualscripting@1.7.8\Editor\VisualScripting.Core\Dependencies\DotNetZip\Unity.VisualScripting.IonicZip.dll
Native extension for WindowsStandalone target not found
Refreshing native plugins compatible for Editor in 0.78 ms, found 3 plugins.
Preloading 0 native plugins for Editor in 0.00 ms.
Mono: successfully reloaded assembly
- Completed reload, in  0.694 seconds
Domain Reload Profiling:
	ReloadAssembly (695ms)
		BeginReloadAssembly (78ms)
			ExecutionOrderSort (0ms)
			DisableScriptedObjects (5ms)
			BackupInstance (0ms)
			ReleaseScriptingObjects (0ms)
			CreateAndSetChildDomain (15ms)
		EndReloadAssembly (540ms)
			LoadAssemblies (54ms)
			RebuildTransferFunctionScriptingTraits (0ms)
			SetupTypeCache (169ms)
			ReleaseScriptCaches (0ms)
			RebuildScriptCaches (32ms)
			SetupLoadedEditorAssemblies (262ms)
				LogAssemblyErrors (0ms)
				InitializePlatformSupportModulesInManaged (3ms)
				SetLoadedEditorAssemblies (0ms)
				RefreshPlugins (1ms)
				BeforeProcessingInitializeOnLoad (59ms)
				ProcessInitializeOnLoadAttributes (174ms)
				ProcessInitializeOnLoadMethodAttributes (22ms)
				AfterProcessingInitializeOnLoad (2ms)
				EditorAssembliesLoaded (0ms)
			ExecutionOrderSort2 (0ms)
			AwakeInstancesAfterBackupRestoration (4ms)
Platform modules already initialized, skipping
========================================================================
Worker process is ready to serve import requests
Launched and connected shader compiler UnityShaderCompiler.exe after 0.04 seconds
Refreshing native plugins compatible for Editor in 0.61 ms, found 3 plugins.
Preloading 0 native plugins for Editor in 0.00 ms.
Unloading 3389 Unused Serialized files (Serialized files now loaded: 0)
Unloading 27 unused Assets / (111.3 KB). Loaded Objects now: 3848.
Memory consumption went from 118.9 MB to 118.7 MB.
Total: 2.400100 ms (FindLiveObjects: 0.185200 ms CreateObjectMapping: 0.084000 ms MarkObjects: 2.052100 ms  DeleteObjects: 0.078300 ms)

AssetImportParameters requested are different than current active one (requested -> active):
  custom:video-decoder-ogg-theora: a1e56fd34408186e4bbccfd4996cb3dc -> 
  custom:container-muxer-webm: aa71ff27fc2769a1b78a27578f13a17b -> 
  custom:container-demuxer-webm: 4f35f7cbe854078d1ac9338744f61a02 -> 
  custom:video-encoder-webm-vp8: eb34c28f22e8b96e1ab97ce403110664 -> 
  custom:audio-encoder-webm-vorbis: bf7c407c2cedff20999df2af8eb42d56 -> 
  custom:framework-win-MediaFoundation: 216162199b28c13a410421893ffa2e32 -> 
  custom:container-demuxer-ogg: 62fdf1f143b41e24485cea50d1cbac27 -> 
  custom:video-decoder-webm-vp8: 9c59270c3fd7afecdb556c50c9e8de78 -> 
  custom:audio-decoder-ogg-vorbis: bf7c407c2cedff20999df2af8eb42d56 -> 
========================================================================
Received Import Request.
  Time since last request: 74141.881608 seconds.
  path: Assets/PolygonWestern/Prefabs/Vehicles/SM_Veh_Train_01.prefab
  artifactKey: Guid(461adae6d8ea6d74fac73e4bd90066cb) Importer(815301076,1909f56bfc062723c751e8b465ee728b)
Start importing Assets/PolygonWestern/Prefabs/Vehicles/SM_Veh_Train_01.prefab using Guid(461adae6d8ea6d74fac73e4bd90066cb) Importer(815301076,1909f56bfc062723c751e8b465ee728b)  -> (artifact id: '5978dc41bea64f1c6b31039d1126664b') in 0.116557 seconds 
========================================================================
Received Import Request.
  Time since last request: 45.007521 seconds.
  path: Assets/PolygonWestern/Prefabs/Props/SM_Prop_Fence_Stick_01.prefab
  artifactKey: Guid(827cdc91ce656b54e907953e440024d0) Importer(815301076,1909f56bfc062723c751e8b465ee728b)
Start importing Assets/PolygonWestern/Prefabs/Props/SM_Prop_Fence_Stick_01.prefab using Guid(827cdc91ce656b54e907953e440024d0) Importer(815301076,1909f56bfc062723c751e8b465ee728b)  -> (artifact id: '45bfb8135de3902fa0c4297b1721a613') in 0.019909 seconds 
========================================================================
Received Import Request.
  Time since last request: 0.000015 seconds.
  path: Assets/PolygonWestern/Prefabs/Props/SM_Prop_Fireplace_01_SmokeStack.prefab
  artifactKey: Guid(faa463506ac0dcc48818b180dd502858) Importer(815301076,1909f56bfc062723c751e8b465ee728b)
Start importing Assets/PolygonWestern/Prefabs/Props/SM_Prop_Fireplace_01_SmokeStack.prefab using Guid(faa463506ac0dcc48818b180dd502858) Importer(815301076,1909f56bfc062723c751e8b465ee728b)  -> (artifact id: '08b97bfb5fc970750abc26577d26efb8') in 0.019867 seconds 
========================================================================
Received Import Request.
  Time since last request: 0.000014 seconds.
  path: Assets/PolygonWestern/Prefabs/Props/SM_Prop_Fur_Roll_01.prefab
  artifactKey: Guid(08517f078af5ba4498a8e1ea5e473368) Importer(815301076,1909f56bfc062723c751e8b465ee728b)
Start importing Assets/PolygonWestern/Prefabs/Props/SM_Prop_Fur_Roll_01.prefab using Guid(08517f078af5ba4498a8e1ea5e473368) Importer(815301076,1909f56bfc062723c751e8b465ee728b)  -> (artifact id: 'f7fcc5587b0fa292422f8d1ba90255c3') in 0.047156 seconds 
========================================================================
Received Import Request.
  Time since last request: 0.000013 seconds.
  path: Assets/PolygonWestern/Prefabs/Props/SM_Prop_Ladder_01.prefab
  artifactKey: Guid(77c71902fab40354db75b533794d3b4b) Importer(815301076,1909f56bfc062723c751e8b465ee728b)
Start importing Assets/PolygonWestern/Prefabs/Props/SM_Prop_Ladder_01.prefab using Guid(77c71902fab40354db75b533794d3b4b) Importer(815301076,1909f56bfc062723c751e8b465ee728b)  -> (artifact id: 'dac88cd1a2f30307615ac86d49259686') in 0.016313 seconds 
========================================================================
Received Import Request.
  Time since last request: 0.000013 seconds.
  path: Assets/PolygonWestern/Prefabs/Props/SM_Prop_Fur_Roll_02.prefab
  artifactKey: Guid(c925c4c821fdd754b82064509594bd6e) Importer(815301076,1909f56bfc062723c751e8b465ee728b)
Start importing Assets/PolygonWestern/Prefabs/Props/SM_Prop_Fur_Roll_02.prefab using Guid(c925c4c821fdd754b82064509594bd6e) Importer(815301076,1909f56bfc062723c751e8b465ee728b)  -> (artifact id: 'b8fff82981073f941116d81dfbfa4fa1') in 0.032022 seconds 
========================================================================
Received Import Request.
  Time since last request: 0.891473 seconds.
  path: Assets/PolygonWestern/Prefabs/Props/SM_Prop_Lantern_Lit_01.prefab
  artifactKey: Guid(a0aa2525ba693f54db86d05aa66bde7d) Importer(815301076,1909f56bfc062723c751e8b465ee728b)
Start importing Assets/PolygonWestern/Prefabs/Props/SM_Prop_Lantern_Lit_01.prefab using Guid(a0aa2525ba693f54db86d05aa66bde7d) Importer(815301076,1909f56bfc062723c751e8b465ee728b)  -> (artifact id: '763e36c7a2328bb7f27174ee2ed04606') in 0.019045 seconds 
========================================================================
Received Import Request.
  Time since last request: 0.000018 seconds.
  path: Assets/PolygonWestern/Prefabs/Props/SM_Prop_Loghalf_02.prefab
  artifactKey: Guid(ee1044c8aa6bcb346b506710f2d6a505) Importer(815301076,1909f56bfc062723c751e8b465ee728b)
Start importing Assets/PolygonWestern/Prefabs/Props/SM_Prop_Loghalf_02.prefab using Guid(ee1044c8aa6bcb346b506710f2d6a505) Importer(815301076,1909f56bfc062723c751e8b465ee728b)  -> (artifact id: '6edba1285538913a4738eb18e59bee4b') in 0.021108 seconds 
========================================================================
Received Import Request.
  Time since last request: 0.000014 seconds.
  path: Assets/PolygonWestern/Prefabs/Props/SM_Prop_Milk_Container_01.prefab
  artifactKey: Guid(2350092dab2555d48a660d5439d82826) Importer(815301076,1909f56bfc062723c751e8b465ee728b)
Start importing Assets/PolygonWestern/Prefabs/Props/SM_Prop_Milk_Container_01.prefab using Guid(2350092dab2555d48a660d5439d82826) Importer(815301076,1909f56bfc062723c751e8b465ee728b)  -> (artifact id: '2aa7b61137b24c3032cdb32a1279bd51') in 0.092970 seconds 
========================================================================
Received Import Request.
  Time since last request: 0.000015 seconds.
  path: Assets/PolygonWestern/Prefabs/Props/SM_Prop_Poker_Chip_02.prefab
  artifactKey: Guid(155cb2392aa96084ba9b307e4d0f95e2) Importer(815301076,1909f56bfc062723c751e8b465ee728b)
Start importing Assets/PolygonWestern/Prefabs/Props/SM_Prop_Poker_Chip_02.prefab using Guid(155cb2392aa96084ba9b307e4d0f95e2) Importer(815301076,1909f56bfc062723c751e8b465ee728b)  -> (artifact id: 'cd6c8a9f039109b803111252673e28df') in 0.020240 seconds 
========================================================================
Received Import Request.
  Time since last request: 0.000020 seconds.
  path: Assets/PolygonWestern/Prefabs/Props/SM_Prop_Poker_Chip_03.prefab
  artifactKey: Guid(770ff24c76382354d81afa9b2a6db2b9) Importer(815301076,1909f56bfc062723c751e8b465ee728b)
Start importing Assets/PolygonWestern/Prefabs/Props/SM_Prop_Poker_Chip_03.prefab using Guid(770ff24c76382354d81afa9b2a6db2b9) Importer(815301076,1909f56bfc062723c751e8b465ee728b)  -> (artifact id: '381ba16bd846fe8cfe3d4e6f82dc1697') in 0.048811 seconds 
========================================================================
Received Import Request.
  Time since last request: 0.000016 seconds.
  path: Assets/PolygonWestern/Prefabs/Props/SM_Prop_Rope_01.prefab
  artifactKey: Guid(4d9c86af04e7ba74093102a01f5cbafa) Importer(815301076,1909f56bfc062723c751e8b465ee728b)
Start importing Assets/PolygonWestern/Prefabs/Props/SM_Prop_Rope_01.prefab using Guid(4d9c86af04e7ba74093102a01f5cbafa) Importer(815301076,1909f56bfc062723c751e8b465ee728b)  -> (artifact id: 'b3b0b016277e567955c2434669fd4379') in 0.015421 seconds 
========================================================================
Received Import Request.
  Time since last request: 0.000014 seconds.
  path: Assets/PolygonWestern/Prefabs/Props/SM_Prop_Sack_02.prefab
  artifactKey: Guid(83bae42c741c19c47957f524c48aae0b) Importer(815301076,1909f56bfc062723c751e8b465ee728b)
Start importing Assets/PolygonWestern/Prefabs/Props/SM_Prop_Sack_02.prefab using Guid(83bae42c741c19c47957f524c48aae0b) Importer(815301076,1909f56bfc062723c751e8b465ee728b)  -> (artifact id: '08c52fd0652b6bae8af3cd84c4605c6b') in 0.024250 seconds 
========================================================================
Received Import Request.
  Time since last request: 0.000018 seconds.
  path: Assets/PolygonWestern/Prefabs/Props/SM_Prop_Rope_03.prefab
  artifactKey: Guid(f9c76b2a18782f143b245452af649ff0) Importer(815301076,1909f56bfc062723c751e8b465ee728b)
Start importing Assets/PolygonWestern/Prefabs/Props/SM_Prop_Rope_03.prefab using Guid(f9c76b2a18782f143b245452af649ff0) Importer(815301076,1909f56bfc062723c751e8b465ee728b)  -> (artifact id: 'a001a2d086512321f389170e139fe848') in 0.033479 seconds 
========================================================================
Received Import Request.
  Time since last request: 0.000015 seconds.
  path: Assets/PolygonWestern/Prefabs/Props/SM_Prop_Poker_Chip_01.prefab
  artifactKey: Guid(9fa2e90a90f6e8c409b838f0e980d381) Importer(815301076,1909f56bfc062723c751e8b465ee728b)
Start importing Assets/PolygonWestern/Prefabs/Props/SM_Prop_Poker_Chip_01.prefab using Guid(9fa2e90a90f6e8c409b838f0e980d381) Importer(815301076,1909f56bfc062723c751e8b465ee728b)  -> (artifact id: 'f2f0727f4fb0bbcf925c346e93541dd5') in 0.021889 seconds 
========================================================================
Received Import Request.
  Time since last request: 0.000016 seconds.
  path: Assets/PolygonWestern/Prefabs/Props/SM_Prop_MessageBoard.prefab
  artifactKey: Guid(0c5cfbad2d3e92549b7460cfed73db2f) Importer(815301076,1909f56bfc062723c751e8b465ee728b)
Start importing Assets/PolygonWestern/Prefabs/Props/SM_Prop_MessageBoard.prefab using Guid(0c5cfbad2d3e92549b7460cfed73db2f) Importer(815301076,1909f56bfc062723c751e8b465ee728b)  -> (artifact id: 'dd8aa3d094f5cf3b50b28e785ef3218e') in 0.014145 seconds 
========================================================================
Received Import Request.
  Time since last request: 0.129785 seconds.
  path: Assets/PolygonWestern/Prefabs/Props/SM_Prop_Stick_01.prefab
  artifactKey: Guid(d25bf43e410e882499ae00b4bd486c10) Importer(815301076,1909f56bfc062723c751e8b465ee728b)
Start importing Assets/PolygonWestern/Prefabs/Props/SM_Prop_Stick_01.prefab using Guid(d25bf43e410e882499ae00b4bd486c10) Importer(815301076,1909f56bfc062723c751e8b465ee728b)  -> (artifact id: 'b544160b9db63863a33a0f89ec63cd3e') in 0.014819 seconds 
========================================================================
Received Import Request.
  Time since last request: 0.000019 seconds.
  path: Assets/PolygonWestern/Prefabs/Props/SM_Prop_Table_Small_01.prefab
  artifactKey: Guid(1bc8081f15fad3c40b8ba4cf8159b224) Importer(815301076,1909f56bfc062723c751e8b465ee728b)
Start importing Assets/PolygonWestern/Prefabs/Props/SM_Prop_Table_Small_01.prefab using Guid(1bc8081f15fad3c40b8ba4cf8159b224) Importer(815301076,1909f56bfc062723c751e8b465ee728b)  -> (artifact id: '8499c5f9a7c3eb33cdbfab6411be18bd') in 0.012378 seconds 
========================================================================
Received Import Request.
  Time since last request: 0.000013 seconds.
  path: Assets/PolygonWestern/Prefabs/Props/SM_Prop_Stool_Round_01.prefab
  artifactKey: Guid(67ad500920d899f4a8b4ac0b7cab9eee) Importer(815301076,1909f56bfc062723c751e8b465ee728b)
Start importing Assets/PolygonWestern/Prefabs/Props/SM_Prop_Stool_Round_01.prefab using Guid(67ad500920d899f4a8b4ac0b7cab9eee) Importer(815301076,1909f56bfc062723c751e8b465ee728b)  -> (artifact id: 'c504cca7558f907b5b9136e298bf882e') in 0.014375 seconds 
========================================================================
Received Import Request.
  Time since last request: 0.000015 seconds.
  path: Assets/PolygonWestern/Prefabs/Props/SM_Prop_Suitcase_02.prefab
  artifactKey: Guid(3d52ec66d27ee224e8b89794093d1b60) Importer(815301076,1909f56bfc062723c751e8b465ee728b)
Start importing Assets/PolygonWestern/Prefabs/Props/SM_Prop_Suitcase_02.prefab using Guid(3d52ec66d27ee224e8b89794093d1b60) Importer(815301076,1909f56bfc062723c751e8b465ee728b)  -> (artifact id: 'fe2b35a2ac921b1bcb2655a5351d8b6c') in 0.014733 seconds 
========================================================================
Received Import Request.
  Time since last request: 0.000017 seconds.
  path: Assets/PolygonWestern/Prefabs/Props/SM_Prop_Stick_Bundle_01.prefab
  artifactKey: Guid(54a4e9b4f0dc094428828cc40e2dd3ae) Importer(815301076,1909f56bfc062723c751e8b465ee728b)
Start importing Assets/PolygonWestern/Prefabs/Props/SM_Prop_Stick_Bundle_01.prefab using Guid(54a4e9b4f0dc094428828cc40e2dd3ae) Importer(815301076,1909f56bfc062723c751e8b465ee728b)  -> (artifact id: '551eb58a356b14fe6da9620e9b9646e2') in 0.011292 seconds 
========================================================================
Received Import Request.
  Time since last request: 0.338171 seconds.
  path: Assets/PolygonWestern/Prefabs/Props/SM_Prop_Tumbleweed_02.prefab
  artifactKey: Guid(39a4698466515e2489e43cc68d47c784) Importer(815301076,1909f56bfc062723c751e8b465ee728b)
Start importing Assets/PolygonWestern/Prefabs/Props/SM_Prop_Tumbleweed_02.prefab using Guid(39a4698466515e2489e43cc68d47c784) Importer(815301076,1909f56bfc062723c751e8b465ee728b)  -> (artifact id: '9bf37f0d621249bcce85a18c97db6d81') in 0.013279 seconds 
========================================================================
Received Import Request.
  Time since last request: 0.000015 seconds.
  path: Assets/PolygonWestern/Prefabs/Props/SM_Prop_Wood_Pile_02.prefab
  artifactKey: Guid(b6949799c3251354a8c142ed6624ca37) Importer(815301076,1909f56bfc062723c751e8b465ee728b)
Start importing Assets/PolygonWestern/Prefabs/Props/SM_Prop_Wood_Pile_02.prefab using Guid(b6949799c3251354a8c142ed6624ca37) Importer(815301076,1909f56bfc062723c751e8b465ee728b)  -> (artifact id: '46622129f5b9bec5653203a084d322cc') in 0.015332 seconds 
========================================================================
Received Import Request.
  Time since last request: 0.000021 seconds.
  path: Assets/PolygonWestern/Prefabs/Props/SM_Prop_Wood_Pile_03.prefab
  artifactKey: Guid(05204bd140330a849a3061b953000143) Importer(815301076,1909f56bfc062723c751e8b465ee728b)
Start importing Assets/PolygonWestern/Prefabs/Props/SM_Prop_Wood_Pile_03.prefab using Guid(05204bd140330a849a3061b953000143) Importer(815301076,1909f56bfc062723c751e8b465ee728b)  -> (artifact id: '2bc818e2da7002df79410864c3148f32') in 0.012945 seconds 
========================================================================
Received Import Request.
  Time since last request: 0.000018 seconds.
  path: Assets/PolygonWestern/Prefabs/Props/SM_Prop_Vegetables_Box_02.prefab
  artifactKey: Guid(ca7908ed2ea2d53419583aaf931a7c06) Importer(815301076,1909f56bfc062723c751e8b465ee728b)
Start importing Assets/PolygonWestern/Prefabs/Props/SM_Prop_Vegetables_Box_02.prefab using Guid(ca7908ed2ea2d53419583aaf931a7c06) Importer(815301076,1909f56bfc062723c751e8b465ee728b)  -> (artifact id: '73d6591e01eeb5024a229472a011605e') in 0.012254 seconds 
========================================================================
Received Import Request.
  Time since last request: 0.000017 seconds.
  path: Assets/PolygonWestern/Prefabs/Props/SM_Prop_Vegetables_Box_03.prefab
  artifactKey: Guid(ae6716148b78d9d4fbc289d950210aca) Importer(815301076,1909f56bfc062723c751e8b465ee728b)
Start importing Assets/PolygonWestern/Prefabs/Props/SM_Prop_Vegetables_Box_03.prefab using Guid(ae6716148b78d9d4fbc289d950210aca) Importer(815301076,1909f56bfc062723c751e8b465ee728b)  -> (artifact id: '12eb07325d19c2c481ef7b0e973d0cc2') in 0.014382 seconds 
========================================================================
Received Import Request.
  Time since last request: 0.000023 seconds.
  path: Assets/PolygonWestern/Prefabs/Props/SM_Prop_Vegetables_Box_04.prefab
  artifactKey: Guid(6e48720e2686baf4b9170b824aaedf0e) Importer(815301076,1909f56bfc062723c751e8b465ee728b)
Start importing Assets/PolygonWestern/Prefabs/Props/SM_Prop_Vegetables_Box_04.prefab using Guid(6e48720e2686baf4b9170b824aaedf0e) Importer(815301076,1909f56bfc062723c751e8b465ee728b)  -> (artifact id: '7380bcdc08c4f83db41489f13e3bee22') in 0.012673 seconds 
========================================================================
Received Import Request.
  Time since last request: 271.984927 seconds.
  path: Assets/PolygonWestern/Prefabs/Weapons/SM_Wep_American_Bayonet_Sheath.prefab
  artifactKey: Guid(6162f69c660af534bae9e50a21debda0) Importer(815301076,1909f56bfc062723c751e8b465ee728b)
Start importing Assets/PolygonWestern/Prefabs/Weapons/SM_Wep_American_Bayonet_Sheath.prefab using Guid(6162f69c660af534bae9e50a21debda0) Importer(815301076,1909f56bfc062723c751e8b465ee728b)  -> (artifact id: '73aa841d6e4f9fb4d0e151469c3c29eb') in 0.019385 seconds 
========================================================================
Received Import Request.
  Time since last request: 0.000016 seconds.
  path: Assets/PolygonWestern/Prefabs/Weapons/SM_Wep_Shotgun_02.prefab
  artifactKey: Guid(5fb00c8822a8e7f43a78ba89a7971e2f) Importer(815301076,1909f56bfc062723c751e8b465ee728b)
Start importing Assets/PolygonWestern/Prefabs/Weapons/SM_Wep_Shotgun_02.prefab using Guid(5fb00c8822a8e7f43a78ba89a7971e2f) Importer(815301076,1909f56bfc062723c751e8b465ee728b)  -> (artifact id: 'ea02989edb6e6fc0238d424df9920635') in 0.018041 seconds 
========================================================================
Received Import Request.
  Time since last request: 0.000020 seconds.
  path: Assets/PolygonWestern/Prefabs/Weapons/SM_Wep_Revolver_01.prefab
  artifactKey: Guid(146c5256fc521374c91ca33fc98e9603) Importer(815301076,1909f56bfc062723c751e8b465ee728b)
Start importing Assets/PolygonWestern/Prefabs/Weapons/SM_Wep_Revolver_01.prefab using Guid(146c5256fc521374c91ca33fc98e9603) Importer(815301076,1909f56bfc062723c751e8b465ee728b)  -> (artifact id: '822b19b97225b92fbea6d8ff4806c241') in 0.019971 seconds 
========================================================================
Received Import Request.
  Time since last request: 0.000016 seconds.
  path: Assets/PolygonWestern/Prefabs/Weapons/SM_Wep_Revolver_02.prefab
  artifactKey: Guid(06d5955ec0ad0a647971bfeea7cd9f8a) Importer(815301076,1909f56bfc062723c751e8b465ee728b)
Start importing Assets/PolygonWestern/Prefabs/Weapons/SM_Wep_Revolver_02.prefab using Guid(06d5955ec0ad0a647971bfeea7cd9f8a) Importer(815301076,1909f56bfc062723c751e8b465ee728b)  -> (artifact id: '2343d19a120dd5a655c8c3fb5495f6f5') in 0.038521 seconds 
========================================================================
Received Import Request.
  Time since last request: 43.852346 seconds.
  path: Assets/PolygonWestern/Prefabs/FX/FX_Dust_Blowing_02.prefab
  artifactKey: Guid(08ee8a2ffea05764ca8eba670d1a7d18) Importer(815301076,1909f56bfc062723c751e8b465ee728b)
Start importing Assets/PolygonWestern/Prefabs/FX/FX_Dust_Blowing_02.prefab using Guid(08ee8a2ffea05764ca8eba670d1a7d18) Importer(815301076,1909f56bfc062723c751e8b465ee728b)  -> (artifact id: 'ecf587ac2856d56e3429b7f213e1aef0') in 0.030270 seconds 
========================================================================
Received Import Request.
  Time since last request: 0.000016 seconds.
  path: Assets/PolygonWestern/Prefabs/FX/GunShot_Smoke_FX.prefab
  artifactKey: Guid(2574ca206a571a342a7fab69fdfb87aa) Importer(815301076,1909f56bfc062723c751e8b465ee728b)
Start importing Assets/PolygonWestern/Prefabs/FX/GunShot_Smoke_FX.prefab using Guid(2574ca206a571a342a7fab69fdfb87aa) Importer(815301076,1909f56bfc062723c751e8b465ee728b)  -> (artifact id: 'a0e00fd4fff84a1932e7449d92cd6f92') in 0.026231 seconds 
========================================================================
Received Import Request.
  Time since last request: 0.000015 seconds.
  path: Assets/PolygonWestern/Prefabs/FX/FX_Dust_Blowing_Large_01.prefab
  artifactKey: Guid(b8d603144666d554d9901541a5d92cf5) Importer(815301076,1909f56bfc062723c751e8b465ee728b)
Start importing Assets/PolygonWestern/Prefabs/FX/FX_Dust_Blowing_Large_01.prefab using Guid(b8d603144666d554d9901541a5d92cf5) Importer(815301076,1909f56bfc062723c751e8b465ee728b)  -> (artifact id: '1f9d96483040e0d1d5cde3ca1fa6eca9') in 0.025121 seconds 
========================================================================
Received Import Request.
  Time since last request: 0.000017 seconds.
  path: Assets/PolygonWestern/Prefabs/FX/SkyDome.prefab
  artifactKey: Guid(8dd2523cc0a9ffd47922c00f0ca8bb03) Importer(815301076,1909f56bfc062723c751e8b465ee728b)
Start importing Assets/PolygonWestern/Prefabs/FX/SkyDome.prefab using Guid(8dd2523cc0a9ffd47922c00f0ca8bb03) Importer(815301076,1909f56bfc062723c751e8b465ee728b)  -> (artifact id: '1cdb0a1075c91d744d8016d702554a3e') in 0.024119 seconds 
========================================================================
Received Import Request.
  Time since last request: 0.000021 seconds.
  path: Assets/PolygonWestern/Prefabs/FX/FX_Train_Breaks_01.prefab
  artifactKey: Guid(c1da010923d4bcf4483952c06e367488) Importer(815301076,1909f56bfc062723c751e8b465ee728b)
Start importing Assets/PolygonWestern/Prefabs/FX/FX_Train_Breaks_01.prefab using Guid(c1da010923d4bcf4483952c06e367488) Importer(815301076,1909f56bfc062723c751e8b465ee728b)  -> (artifact id: '05e4c6e086318caa760d378f338b1953') in 0.018456 seconds 
Editor requested this worker to shutdown with reason: Scaling down because of idle timeout
AssetImportWorker is now disconnected from the server
Process exiting
Exiting without the bug reporter. Application will terminate with return code 0